2016-07-14 23:03:35 [ main ] - [ INFO  ] [
				com.chulung.forwarder.server.ForwarderServer : 33 ] - com.chulung.forwarder.server.ForwarderServerstarted and listen on /0:0:0:0:0:0:0:0:7778
2016-07-14 23:04:05 [ main ] - [ INFO  ] [
				com.chulung.forwarder.proxy.ServerProxy : 21 ] - 新代理已启动，address=/127.0.0.1:7778
2016-07-14 23:04:05 [ nioEventLoopGroup-2-1 ] - [ INFO  ] [
				c.c.forwarder.proxy.handler.ServerProxyHandler : 15 ] - forwarderServer已连接，发送标识包
2016-07-14 23:04:05 [ nioEventLoopGroup-2-2 ] - [ INFO  ] [
				c.c.f.server.handler.ForwarderServerHandler : 78 ] - 服务端代理已连接 address=/127.0.0.1:51952
2016-07-14 23:08:45 [ nioEventLoopGroup-2-2 ] - [ ERROR ] [
				c.c.f.server.handler.ForwarderServerHandler : 34 ] - 服务器代理异常，通知所有客户端代理
java.io.IOException: 远程主机强迫关闭了一个现有的连接。
	at sun.nio.ch.SocketDispatcher.read0(Native Method) ~[na:1.8.0_73]
	at sun.nio.ch.SocketDispatcher.read(SocketDispatcher.java:43) ~[na:1.8.0_73]
	at sun.nio.ch.IOUtil.readIntoNativeBuffer(IOUtil.java:223) ~[na:1.8.0_73]
	at sun.nio.ch.IOUtil.read(IOUtil.java:192) ~[na:1.8.0_73]
	at sun.nio.ch.SocketChannelImpl.read(SocketChannelImpl.java:380) ~[na:1.8.0_73]
	at io.netty.buffer.PooledUnsafeDirectByteBuf.setBytes(PooledUnsafeDirectByteBuf.java:288) ~[netty-all-4.1.2.Final.jar:4.1.2.Final]
	at io.netty.buffer.AbstractByteBuf.writeBytes(AbstractByteBuf.java:1100) ~[netty-all-4.1.2.Final.jar:4.1.2.Final]
	at io.netty.channel.socket.nio.NioSocketChannel.doReadBytes(NioSocketChannel.java:349) ~[netty-all-4.1.2.Final.jar:4.1.2.Final]
	at io.netty.channel.nio.AbstractNioByteChannel$NioByteUnsafe.read(AbstractNioByteChannel.java:112) ~[netty-all-4.1.2.Final.jar:4.1.2.Final]
	at io.netty.channel.nio.NioEventLoop.processSelectedKey(NioEventLoop.java:571) [netty-all-4.1.2.Final.jar:4.1.2.Final]
	at io.netty.channel.nio.NioEventLoop.processSelectedKeysOptimized(NioEventLoop.java:512) [netty-all-4.1.2.Final.jar:4.1.2.Final]
	at io.netty.channel.nio.NioEventLoop.processSelectedKeys(NioEventLoop.java:426) [netty-all-4.1.2.Final.jar:4.1.2.Final]
	at io.netty.channel.nio.NioEventLoop.run(NioEventLoop.java:398) [netty-all-4.1.2.Final.jar:4.1.2.Final]
	at io.netty.util.concurrent.SingleThreadEventExecutor$5.run(SingleThreadEventExecutor.java:805) [netty-all-4.1.2.Final.jar:4.1.2.Final]
	at io.netty.util.concurrent.DefaultThreadFactory$DefaultRunnableDecorator.run(DefaultThreadFactory.java:145) [netty-all-4.1.2.Final.jar:4.1.2.Final]
	at java.lang.Thread.run(Thread.java:745) [na:1.8.0_73]
2016-07-14 23:08:53 [ main ] - [ INFO  ] [
				com.chulung.forwarder.server.ForwarderServer : 33 ] - com.chulung.forwarder.server.ForwarderServerstarted and listen on /0:0:0:0:0:0:0:0:7778
2016-07-14 23:08:53 [ Thread-0 ] - [ INFO  ] [
				com.chulung.forwarder.server.RemotePortMapServer : 33 ] - com.chulung.forwarder.server.RemotePortMapServerstarted and listen on /0:0:0:0:0:0:0:0:7776
2016-07-14 23:08:59 [ main ] - [ INFO  ] [
				com.chulung.forwarder.proxy.ServerProxy : 21 ] - 新代理已启动，address=/127.0.0.1:7778
2016-07-14 23:08:59 [ nioEventLoopGroup-2-1 ] - [ INFO  ] [
				c.c.forwarder.proxy.handler.ServerProxyHandler : 15 ] - forwarderServer已连接，发送标识包
2016-07-14 23:08:59 [ nioEventLoopGroup-2-2 ] - [ INFO  ] [
				c.c.f.server.handler.ForwarderServerHandler : 78 ] - 服务端代理已连接 address=/127.0.0.1:52083
2016-07-14 23:09:14 [ pool-1-thread-1 ] - [ INFO  ] [
				com.chulung.forwarder.proxy.local.RemoteAppProxy : 21 ] - 新代理已启动，address=0.0.0.0/0.0.0.0:7777
2016-07-14 23:09:14 [ nioEventLoopGroup-4-1 ] - [ INFO  ] [
				com.chulung.forwarder.proxy.local.RemoteAppProxy : 53 ] - clientId=00000000000000e0-00001e10-00000003-252facc575b45de5-879e5997 port=7776
2016-07-14 23:09:24 [ nioEventLoopGroup-2-2 ] - [ ERROR ] [
				c.c.f.server.handler.ForwarderServerHandler : 34 ] - 服务器代理异常，通知所有客户端代理
java.io.IOException: 远程主机强迫关闭了一个现有的连接。
	at sun.nio.ch.SocketDispatcher.read0(Native Method) ~[na:1.8.0_73]
	at sun.nio.ch.SocketDispatcher.read(SocketDispatcher.java:43) ~[na:1.8.0_73]
	at sun.nio.ch.IOUtil.readIntoNativeBuffer(IOUtil.java:223) ~[na:1.8.0_73]
	at sun.nio.ch.IOUtil.read(IOUtil.java:192) ~[na:1.8.0_73]
	at sun.nio.ch.SocketChannelImpl.read(SocketChannelImpl.java:380) ~[na:1.8.0_73]
	at io.netty.buffer.PooledUnsafeDirectByteBuf.setBytes(PooledUnsafeDirectByteBuf.java:288) ~[netty-all-4.1.2.Final.jar:4.1.2.Final]
	at io.netty.buffer.AbstractByteBuf.writeBytes(AbstractByteBuf.java:1100) ~[netty-all-4.1.2.Final.jar:4.1.2.Final]
	at io.netty.channel.socket.nio.NioSocketChannel.doReadBytes(NioSocketChannel.java:349) ~[netty-all-4.1.2.Final.jar:4.1.2.Final]
	at io.netty.channel.nio.AbstractNioByteChannel$NioByteUnsafe.read(AbstractNioByteChannel.java:112) ~[netty-all-4.1.2.Final.jar:4.1.2.Final]
	at io.netty.channel.nio.NioEventLoop.processSelectedKey(NioEventLoop.java:571) [netty-all-4.1.2.Final.jar:4.1.2.Final]
	at io.netty.channel.nio.NioEventLoop.processSelectedKeysOptimized(NioEventLoop.java:512) [netty-all-4.1.2.Final.jar:4.1.2.Final]
	at io.netty.channel.nio.NioEventLoop.processSelectedKeys(NioEventLoop.java:426) [netty-all-4.1.2.Final.jar:4.1.2.Final]
	at io.netty.channel.nio.NioEventLoop.run(NioEventLoop.java:398) [netty-all-4.1.2.Final.jar:4.1.2.Final]
	at io.netty.util.concurrent.SingleThreadEventExecutor$5.run(SingleThreadEventExecutor.java:805) [netty-all-4.1.2.Final.jar:4.1.2.Final]
	at io.netty.util.concurrent.DefaultThreadFactory$DefaultRunnableDecorator.run(DefaultThreadFactory.java:145) [netty-all-4.1.2.Final.jar:4.1.2.Final]
	at java.lang.Thread.run(Thread.java:745) [na:1.8.0_73]
2016-07-14 23:09:30 [ Thread-0 ] - [ INFO  ] [
				com.chulung.forwarder.server.RemotePortMapServer : 33 ] - com.chulung.forwarder.server.RemotePortMapServerstarted and listen on /0:0:0:0:0:0:0:0:7776
2016-07-14 23:09:30 [ main ] - [ INFO  ] [
				com.chulung.forwarder.server.ForwarderServer : 33 ] - com.chulung.forwarder.server.ForwarderServerstarted and listen on /0:0:0:0:0:0:0:0:7778
2016-07-14 23:09:32 [ main ] - [ INFO  ] [
				com.chulung.forwarder.proxy.ServerProxy : 21 ] - 新代理已启动，address=/127.0.0.1:7778
2016-07-14 23:09:33 [ nioEventLoopGroup-2-1 ] - [ INFO  ] [
				c.c.forwarder.proxy.handler.ServerProxyHandler : 15 ] - forwarderServer已连接，发送标识包
2016-07-14 23:09:37 [ nioEventLoopGroup-2-2 ] - [ INFO  ] [
				c.c.f.server.handler.ForwarderServerHandler : 78 ] - 服务端代理已连接 address=/127.0.0.1:52218
2016-07-14 23:11:03 [ pool-1-thread-1 ] - [ INFO  ] [
				com.chulung.forwarder.proxy.local.RemoteAppProxy : 21 ] - 新代理已启动，address=0.0.0.0/0.0.0.0:7777
2016-07-14 23:11:07 [ nioEventLoopGroup-4-1 ] - [ INFO  ] [
				com.chulung.forwarder.proxy.local.RemoteAppProxy : 53 ] - clientId=00000000000000e0-00001d84-00000003-f69de4bcebb4dca3-9ae29f39 port=7776
2016-07-14 23:13:03 [ pool-1-thread-2 ] - [ INFO  ] [
				com.chulung.forwarder.proxy.local.RemoteAppProxy : 21 ] - 新代理已启动，address=0.0.0.0/0.0.0.0:7777
2016-07-14 23:13:05 [ nioEventLoopGroup-5-1 ] - [ INFO  ] [
				com.chulung.forwarder.proxy.local.RemoteAppProxy : 53 ] - clientId=00000000000000e0-00001d84-00000004-a82423235fb7cce6-a885995e port=7776
2016-07-14 23:14:45 [ main ] - [ INFO  ] [
				com.chulung.forwarder.proxy.ServerProxy : 21 ] - 新代理已启动，address=/127.0.0.1:7778
2016-07-14 23:14:45 [ nioEventLoopGroup-2-1 ] - [ INFO  ] [
				c.c.forwarder.proxy.handler.ServerProxyHandler : 15 ] - forwarderServer已连接，发送标识包
2016-07-14 23:14:51 [ nioEventLoopGroup-2-2 ] - [ ERROR ] [
				c.c.f.server.handler.ForwarderServerHandler : 34 ] - 服务器代理异常，通知所有客户端代理
java.io.IOException: 远程主机强迫关闭了一个现有的连接。
	at sun.nio.ch.SocketDispatcher.read0(Native Method) ~[na:1.8.0_73]
	at sun.nio.ch.SocketDispatcher.read(SocketDispatcher.java:43) ~[na:1.8.0_73]
	at sun.nio.ch.IOUtil.readIntoNativeBuffer(IOUtil.java:223) ~[na:1.8.0_73]
	at sun.nio.ch.IOUtil.read(IOUtil.java:192) ~[na:1.8.0_73]
	at sun.nio.ch.SocketChannelImpl.read(SocketChannelImpl.java:380) ~[na:1.8.0_73]
	at io.netty.buffer.PooledUnsafeDirectByteBuf.setBytes(PooledUnsafeDirectByteBuf.java:288) ~[netty-all-4.1.2.Final.jar:4.1.2.Final]
	at io.netty.buffer.AbstractByteBuf.writeBytes(AbstractByteBuf.java:1100) ~[netty-all-4.1.2.Final.jar:4.1.2.Final]
	at io.netty.channel.socket.nio.NioSocketChannel.doReadBytes(NioSocketChannel.java:349) ~[netty-all-4.1.2.Final.jar:4.1.2.Final]
	at io.netty.channel.nio.AbstractNioByteChannel$NioByteUnsafe.read(AbstractNioByteChannel.java:112) ~[netty-all-4.1.2.Final.jar:4.1.2.Final]
	at io.netty.channel.nio.NioEventLoop.processSelectedKey(NioEventLoop.java:571) [netty-all-4.1.2.Final.jar:4.1.2.Final]
	at io.netty.channel.nio.NioEventLoop.processSelectedKeysOptimized(NioEventLoop.java:512) [netty-all-4.1.2.Final.jar:4.1.2.Final]
	at io.netty.channel.nio.NioEventLoop.processSelectedKeys(NioEventLoop.java:426) [netty-all-4.1.2.Final.jar:4.1.2.Final]
	at io.netty.channel.nio.NioEventLoop.run(NioEventLoop.java:398) [netty-all-4.1.2.Final.jar:4.1.2.Final]
	at io.netty.util.concurrent.SingleThreadEventExecutor$5.run(SingleThreadEventExecutor.java:805) [netty-all-4.1.2.Final.jar:4.1.2.Final]
	at io.netty.util.concurrent.DefaultThreadFactory$DefaultRunnableDecorator.run(DefaultThreadFactory.java:145) [netty-all-4.1.2.Final.jar:4.1.2.Final]
	at java.lang.Thread.run(Thread.java:745) [na:1.8.0_73]
2016-07-14 23:14:54 [ main ] - [ INFO  ] [
				com.chulung.forwarder.server.ForwarderServer : 33 ] - com.chulung.forwarder.server.ForwarderServerstarted and listen on /0:0:0:0:0:0:0:0:7778
2016-07-14 23:14:54 [ Thread-0 ] - [ INFO  ] [
				com.chulung.forwarder.server.RemotePortMapServer : 33 ] - com.chulung.forwarder.server.RemotePortMapServerstarted and listen on /0:0:0:0:0:0:0:0:7776
2016-07-14 23:14:56 [ main ] - [ INFO  ] [
				com.chulung.forwarder.proxy.ServerProxy : 21 ] - 新代理已启动，address=/127.0.0.1:7778
2016-07-14 23:14:56 [ nioEventLoopGroup-2-1 ] - [ INFO  ] [
				c.c.forwarder.proxy.handler.ServerProxyHandler : 15 ] - forwarderServer已连接，发送标识包
2016-07-14 23:14:57 [ nioEventLoopGroup-3-2 ] - [ INFO  ] [
				c.c.f.server.handler.ForwarderServerHandler : 78 ] - 服务端代理已连接 address=/127.0.0.1:52495
2016-07-14 23:15:06 [ pool-1-thread-1 ] - [ INFO  ] [
				com.chulung.forwarder.proxy.local.RemoteAppProxy : 21 ] - 新代理已启动，address=0.0.0.0/0.0.0.0:7777
2016-07-14 23:15:10 [ nioEventLoopGroup-4-1 ] - [ INFO  ] [
				com.chulung.forwarder.proxy.local.RemoteAppProxy : 53 ] - clientId=00000000000000e0-00000b24-00000003-c6e48347b8b9b0f3-a68d5d81 port=7776
2016-07-14 23:16:01 [ pool-1-thread-2 ] - [ INFO  ] [
				com.chulung.forwarder.proxy.local.RemoteAppProxy : 21 ] - 新代理已启动，address=0.0.0.0/0.0.0.0:7777
2016-07-14 23:16:01 [ nioEventLoopGroup-5-1 ] - [ INFO  ] [
				com.chulung.forwarder.proxy.local.RemoteAppProxy : 53 ] - clientId=00000000000000e0-00000b24-00000004-90aace9e00ba9434-0d5b3d1a port=7776
2016-07-14 23:16:14 [ nioEventLoopGroup-2-1 ] - [ WARN  ] [
				io.netty.channel.DefaultChannelPipeline : 151 ] - An exceptionCaught() event was fired, and it reached at the tail of the pipeline. It usually means the last handler in the pipeline did not handle the exception.
java.io.IOException: 远程主机强迫关闭了一个现有的连接。
	at sun.nio.ch.SocketDispatcher.read0(Native Method) ~[na:1.8.0_73]
	at sun.nio.ch.SocketDispatcher.read(SocketDispatcher.java:43) ~[na:1.8.0_73]
	at sun.nio.ch.IOUtil.readIntoNativeBuffer(IOUtil.java:223) ~[na:1.8.0_73]
	at sun.nio.ch.IOUtil.read(IOUtil.java:192) ~[na:1.8.0_73]
	at sun.nio.ch.SocketChannelImpl.read(SocketChannelImpl.java:380) ~[na:1.8.0_73]
	at io.netty.buffer.PooledUnsafeDirectByteBuf.setBytes(PooledUnsafeDirectByteBuf.java:288) ~[netty-all-4.1.2.Final.jar:4.1.2.Final]
	at io.netty.buffer.AbstractByteBuf.writeBytes(AbstractByteBuf.java:1100) ~[netty-all-4.1.2.Final.jar:4.1.2.Final]
	at io.netty.channel.socket.nio.NioSocketChannel.doReadBytes(NioSocketChannel.java:349) ~[netty-all-4.1.2.Final.jar:4.1.2.Final]
	at io.netty.channel.nio.AbstractNioByteChannel$NioByteUnsafe.read(AbstractNioByteChannel.java:112) ~[netty-all-4.1.2.Final.jar:4.1.2.Final]
	at io.netty.channel.nio.NioEventLoop.processSelectedKey(NioEventLoop.java:571) [netty-all-4.1.2.Final.jar:4.1.2.Final]
	at io.netty.channel.nio.NioEventLoop.processSelectedKeysOptimized(NioEventLoop.java:512) [netty-all-4.1.2.Final.jar:4.1.2.Final]
	at io.netty.channel.nio.NioEventLoop.processSelectedKeys(NioEventLoop.java:426) [netty-all-4.1.2.Final.jar:4.1.2.Final]
	at io.netty.channel.nio.NioEventLoop.run(NioEventLoop.java:398) [netty-all-4.1.2.Final.jar:4.1.2.Final]
	at io.netty.util.concurrent.SingleThreadEventExecutor$5.run(SingleThreadEventExecutor.java:805) [netty-all-4.1.2.Final.jar:4.1.2.Final]
	at io.netty.util.concurrent.DefaultThreadFactory$DefaultRunnableDecorator.run(DefaultThreadFactory.java:145) [netty-all-4.1.2.Final.jar:4.1.2.Final]
	at java.lang.Thread.run(Thread.java:745) [na:1.8.0_73]
2016-07-14 23:16:18 [ Thread-0 ] - [ INFO  ] [
				com.chulung.forwarder.server.RemotePortMapServer : 33 ] - com.chulung.forwarder.server.RemotePortMapServerstarted and listen on /0:0:0:0:0:0:0:0:7776
2016-07-14 23:16:18 [ main ] - [ INFO  ] [
				com.chulung.forwarder.server.ForwarderServer : 33 ] - com.chulung.forwarder.server.ForwarderServerstarted and listen on /0:0:0:0:0:0:0:0:7778
2016-07-14 23:16:20 [ main ] - [ INFO  ] [
				com.chulung.forwarder.proxy.ServerProxy : 21 ] - 新代理已启动，address=/127.0.0.1:7778
2016-07-14 23:16:20 [ nioEventLoopGroup-2-1 ] - [ INFO  ] [
				c.c.forwarder.proxy.handler.ServerProxyHandler : 15 ] - forwarderServer已连接，发送标识包
2016-07-14 23:16:20 [ nioEventLoopGroup-3-2 ] - [ INFO  ] [
				c.c.f.server.handler.ForwarderServerHandler : 78 ] - 服务端代理已连接 address=/127.0.0.1:52665
2016-07-14 23:16:57 [ pool-1-thread-1 ] - [ INFO  ] [
				com.chulung.forwarder.proxy.local.RemoteAppProxy : 21 ] - 新代理已启动，address=0.0.0.0/0.0.0.0:7777
2016-07-14 23:16:57 [ nioEventLoopGroup-4-1 ] - [ INFO  ] [
				com.chulung.forwarder.proxy.local.RemoteAppProxy : 53 ] - clientId=00000000000000e0-00001da8-00000003-acfa608accbb70e7-726cfde3 port=7776
2016-07-14 23:17:09 [ nioEventLoopGroup-3-2 ] - [ ERROR ] [
				c.c.f.server.handler.ForwarderServerHandler : 34 ] - 服务器代理异常，通知所有客户端代理
java.io.IOException: 远程主机强迫关闭了一个现有的连接。
	at sun.nio.ch.SocketDispatcher.read0(Native Method) ~[na:1.8.0_73]
	at sun.nio.ch.SocketDispatcher.read(SocketDispatcher.java:43) ~[na:1.8.0_73]
	at sun.nio.ch.IOUtil.readIntoNativeBuffer(IOUtil.java:223) ~[na:1.8.0_73]
	at sun.nio.ch.IOUtil.read(IOUtil.java:192) ~[na:1.8.0_73]
	at sun.nio.ch.SocketChannelImpl.read(SocketChannelImpl.java:380) ~[na:1.8.0_73]
	at io.netty.buffer.PooledUnsafeDirectByteBuf.setBytes(PooledUnsafeDirectByteBuf.java:288) ~[netty-all-4.1.2.Final.jar:4.1.2.Final]
	at io.netty.buffer.AbstractByteBuf.writeBytes(AbstractByteBuf.java:1100) ~[netty-all-4.1.2.Final.jar:4.1.2.Final]
	at io.netty.channel.socket.nio.NioSocketChannel.doReadBytes(NioSocketChannel.java:349) ~[netty-all-4.1.2.Final.jar:4.1.2.Final]
	at io.netty.channel.nio.AbstractNioByteChannel$NioByteUnsafe.read(AbstractNioByteChannel.java:112) ~[netty-all-4.1.2.Final.jar:4.1.2.Final]
	at io.netty.channel.nio.NioEventLoop.processSelectedKey(NioEventLoop.java:571) [netty-all-4.1.2.Final.jar:4.1.2.Final]
	at io.netty.channel.nio.NioEventLoop.processSelectedKeysOptimized(NioEventLoop.java:512) [netty-all-4.1.2.Final.jar:4.1.2.Final]
	at io.netty.channel.nio.NioEventLoop.processSelectedKeys(NioEventLoop.java:426) [netty-all-4.1.2.Final.jar:4.1.2.Final]
	at io.netty.channel.nio.NioEventLoop.run(NioEventLoop.java:398) [netty-all-4.1.2.Final.jar:4.1.2.Final]
	at io.netty.util.concurrent.SingleThreadEventExecutor$5.run(SingleThreadEventExecutor.java:805) [netty-all-4.1.2.Final.jar:4.1.2.Final]
	at io.netty.util.concurrent.DefaultThreadFactory$DefaultRunnableDecorator.run(DefaultThreadFactory.java:145) [netty-all-4.1.2.Final.jar:4.1.2.Final]
	at java.lang.Thread.run(Thread.java:745) [na:1.8.0_73]
