#
# There is insufficient memory for the Java Runtime Environment to continue.
# Native memory allocation (malloc) failed to allocate 1864 bytes for AllocateHeap
# Possible reasons:
#   The system is out of physical RAM or swap space
#   In 32 bit mode, the process size limit was hit
# Possible solutions:
#   Reduce memory load on the system
#   Increase physical memory or swap space
#   Check if swap backing store is full
#   Use 64 bit Java on a 64 bit OS
#   Decrease Java heap size (-Xmx/-Xms)
#   Decrease number of Java threads
#   Decrease Java thread stack sizes (-Xss)
#   Set larger code cache with -XX:ReservedCodeCacheSize=
# This output file may be truncated or incomplete.
#
#  Out of Memory Error (memory/allocation.inline.hpp:61), pid=14808, tid=4696
#
# JRE version: Java(TM) SE Runtime Environment (8.0_73-b02) (build 1.8.0_73-b02)
# Java VM: Java HotSpot(TM) 64-Bit Server VM (25.73-b02 mixed mode windows-amd64 compressed oops)
# Failed to write core dump. Minidumps are not enabled by default on client versions of Windows
#

---------------  T H R E A D  ---------------

Current thread (0x000000000162e800):  JavaThread "main" [_thread_in_Java, id=4696, stack(0x0000000002e90000,0x0000000002f90000)]

Stack: [0x0000000002e90000,0x0000000002f90000]
[error occurred during error reporting (printing stack bounds), id 0xe0000000]

Native frames: (J=compiled Java code, j=interpreted, Vv=VM code, C=native code)

Java frames: (J=compiled Java code, j=interpreted, Vv=VM code)
v  ~DeoptimizationBlob
J 225 C1 java.net.URLClassLoader.findClass(Ljava/lang/String;)Ljava/lang/Class; (47 bytes) @ 0x00000000036258c9 [0x0000000003625580+0x349]
J 194 C1 java.lang.ClassLoader.loadClass(Ljava/lang/String;Z)Ljava/lang/Class; (122 bytes) @ 0x00000000036104c4 [0x000000000360fb40+0x984]
J 194 C1 java.lang.ClassLoader.loadClass(Ljava/lang/String;Z)Ljava/lang/Class; (122 bytes) @ 0x000000000361025c [0x000000000360fb40+0x71c]
J 238 C1 sun.misc.Launcher$AppClassLoader.loadClass(Ljava/lang/String;Z)Ljava/lang/Class; (85 bytes) @ 0x000000000362df3c [0x000000000362d560+0x9dc]
J 237 C1 java.lang.ClassLoader.loadClass(Ljava/lang/String;)Ljava/lang/Class; (7 bytes) @ 0x000000000362bf1c [0x000000000362be00+0x11c]
v  ~StubRoutines::call_stub
j  java.lang.ClassLoader.defineClass1(Ljava/lang/String;[BIILjava/security/ProtectionDomain;Ljava/lang/String;)Ljava/lang/Class;+0
j  java.lang.ClassLoader.defineClass(Ljava/lang/String;[BIILjava/security/ProtectionDomain;)Ljava/lang/Class;+27
J 479 C1 java.net.URLClassLoader.defineClass(Ljava/lang/String;Lsun/misc/Resource;)Ljava/lang/Class; (142 bytes) @ 0x00000000036d731c [0x00000000036d5760+0x1bbc]
J 258 C1 java.net.URLClassLoader$1.run()Ljava/lang/Class; (63 bytes) @ 0x000000000363789c [0x00000000036375a0+0x2fc]
J 257 C1 java.net.URLClassLoader$1.run()Ljava/lang/Object; (5 bytes) @ 0x0000000003634e54 [0x0000000003634dc0+0x94]
v  ~StubRoutines::call_stub
J 256  java.security.AccessController.doPrivileged(Ljava/security/PrivilegedExceptionAction;Ljava/security/AccessControlContext;)Ljava/lang/Object; (0 bytes) @ 0x0000000003634a66 [0x0000000003634a00+0x66]
J 225 C1 java.net.URLClassLoader.findClass(Ljava/lang/String;)Ljava/lang/Class; (47 bytes) @ 0x0000000003625714 [0x0000000003625580+0x194]
j  java.lang.ClassLoader.loadClass(Ljava/lang/String;Z)Ljava/lang/Class;+70
J 238 C1 sun.misc.Launcher$AppClassLoader.loadClass(Ljava/lang/String;Z)Ljava/lang/Class; (85 bytes) @ 0x000000000362df3c [0x000000000362d560+0x9dc]
J 237 C1 java.lang.ClassLoader.loadClass(Ljava/lang/String;)Ljava/lang/Class; (7 bytes) @ 0x000000000362bf1c [0x000000000362be00+0x11c]
v  ~StubRoutines::call_stub
J 509  java.lang.Class.forName0(Ljava/lang/String;ZLjava/lang/ClassLoader;Ljava/lang/Class;)Ljava/lang/Class; (0 bytes) @ 0x00000000036eb747 [0x00000000036eb6c0+0x87]
j  java.lang.Class.forName(Ljava/lang/String;ZLjava/lang/ClassLoader;)Ljava/lang/Class;+49
j  sun.reflect.generics.factory.CoreReflectionFactory.makeNamedType(Ljava/lang/String;)Ljava/lang/reflect/Type;+6
j  sun.reflect.generics.visitor.Reifier.visitClassTypeSignature(Lsun/reflect/generics/tree/ClassTypeSignature;)V+173
j  sun.reflect.generics.tree.ClassTypeSignature.accept(Lsun/reflect/generics/visitor/TypeTreeVisitor;)V+2
j  sun.reflect.generics.visitor.Reifier.reifyTypeArguments([Lsun/reflect/generics/tree/TypeArgument;)[Ljava/lang/reflect/Type;+18
j  sun.reflect.generics.visitor.Reifier.visitClassTypeSignature(Lsun/reflect/generics/tree/ClassTypeSignature;)V+250
j  sun.reflect.generics.tree.ClassTypeSignature.accept(Lsun/reflect/generics/visitor/TypeTreeVisitor;)V+2
j  sun.reflect.generics.repository.MethodRepository.getReturnType()Ljava/lang/reflect/Type;+23
J 329 C1 java.lang.reflect.Method.getGenericReturnType()Ljava/lang/reflect/Type; (20 bytes) @ 0x000000000365ce44 [0x000000000365c740+0x704]
j  com.sun.jmx.mbeanserver.ConvertingMethod.<init>(Ljava/lang/reflect/Method;)V+16
j  com.sun.jmx.mbeanserver.ConvertingMethod.from(Ljava/lang/reflect/Method;)Lcom/sun/jmx/mbeanserver/ConvertingMethod;+5
j  com.sun.jmx.mbeanserver.MXBeanIntrospector.mFrom(Ljava/lang/reflect/Method;)Lcom/sun/jmx/mbeanserver/ConvertingMethod;+1
j  com.sun.jmx.mbeanserver.MXBeanIntrospector.mFrom(Ljava/lang/reflect/Method;)Ljava/lang/Object;+2
j  com.sun.jmx.mbeanserver.MBeanAnalyzer.initMaps(Ljava/lang/Class;Lcom/sun/jmx/mbeanserver/MBeanIntrospector;)V+61
j  com.sun.jmx.mbeanserver.MBeanAnalyzer.<init>(Ljava/lang/Class;Lcom/sun/jmx/mbeanserver/MBeanIntrospector;)V+104
j  com.sun.jmx.mbeanserver.MBeanAnalyzer.analyzer(Ljava/lang/Class;Lcom/sun/jmx/mbeanserver/MBeanIntrospector;)Lcom/sun/jmx/mbeanserver/MBeanAnalyzer;+6
j  com.sun.jmx.mbeanserver.MXBeanIntrospector.getAnalyzer(Ljava/lang/Class;)Lcom/sun/jmx/mbeanserver/MBeanAnalyzer;+2
j  com.sun.jmx.mbeanserver.MBeanIntrospector.getPerInterface(Ljava/lang/Class;)Lcom/sun/jmx/mbeanserver/PerInterface;+45
j  com.sun.jmx.mbeanserver.MBeanSupport.<init>(Ljava/lang/Object;Ljava/lang/Class;)V+90
j  com.sun.jmx.mbeanserver.MXBeanSupport.<init>(Ljava/lang/Object;Ljava/lang/Class;)V+3
j  com.sun.jmx.mbeanserver.Introspector.makeDynamicMBean(Ljava/lang/Object;)Ljavax/management/DynamicMBean;+73
j  com.sun.jmx.interceptor.DefaultMBeanServerInterceptor.registerObject(Ljava/lang/String;Ljava/lang/Object;Ljavax/management/ObjectName;)Ljavax/management/ObjectInstance;+28
j  com.sun.jmx.interceptor.DefaultMBeanServerInterceptor.registerMBean(Ljava/lang/Object;Ljavax/management/ObjectName;)Ljavax/management/ObjectInstance;+33
j  com.sun.jmx.mbeanserver.JmxMBeanServer.registerMBean(Ljava/lang/Object;Ljavax/management/ObjectName;)Ljavax/management/ObjectInstance;+10
j  org.apache.commons.pool2.impl.BaseGenericObjectPool.jmxRegister(Lorg/apache/commons/pool2/impl/BaseObjectPoolConfig;Ljava/lang/String;Ljava/lang/String;)Ljavax/management/ObjectName;+108
j  org.apache.commons.pool2.impl.BaseGenericObjectPool.<init>(Lorg/apache/commons/pool2/impl/BaseObjectPoolConfig;Ljava/lang/String;Ljava/lang/String;)V+247
j  org.apache.commons.pool2.impl.GenericObjectPool.<init>(Lorg/apache/commons/pool2/PooledObjectFactory;Lorg/apache/commons/pool2/impl/GenericObjectPoolConfig;)V+8
j  org.apache.commons.pool2.impl.GenericObjectPool.<init>(Lorg/apache/commons/pool2/PooledObjectFactory;)V+9
j  com.chulung.forwarder.codec.KyroFactory.<init>(IIJJ)V+16
j  com.chulung.forwarder.codec.KryoPool.<init>()V+51
j  com.chulung.forwarder.codec.KryoPool.<clinit>()V+10
v  ~StubRoutines::call_stub
j  com.chulung.forwarder.handler.AbstractDatagramPacketHandler.<init>()V+5
j  com.chulung.forwarder.p2p.client.AbstractProxy.<init>()V+1
j  com.chulung.forwarder.p2p.client.handler.ClientProxyHandler.<init>()V+1
j  com.chulung.forwarder.p2p.client.ClientProxy.<init>()V+9
j  com.chulung.forwarder.p2p.client.ClientProxy.main([Ljava/lang/String;)V+4
v  ~StubRoutines::call_stub

---------------  P R O C E S S  ---------------

Java Threads: ( => current thread )
  0x000000001ef23800 JavaThread "Service Thread" daemon [_thread_blocked, id=10396, stack(0x000000001fc00000,0x000000001fd00000)]
  0x000000001ef18800 JavaThread "C1 CompilerThread3" daemon [_thread_blocked, id=9112, stack(0x000000001fb00000,0x000000001fc00000)]
  0x000000001ef18000 JavaThread "C2 CompilerThread2" daemon [_thread_blocked, id=8716, stack(0x000000001fa00000,0x000000001fb00000)]
  0x000000001ef16000 JavaThread "C2 CompilerThread1" daemon [_thread_blocked, id=5724, stack(0x000000001f900000,0x000000001fa00000)]
  0x000000001eebb000 JavaThread "C2 CompilerThread0" daemon [_thread_blocked, id=9612, stack(0x000000001f800000,0x000000001f900000)]
  0x000000001eeae000 JavaThread "JDWP Command Reader" daemon [_thread_in_native, id=8868, stack(0x000000001f700000,0x000000001f800000)]
  0x000000001eead000 JavaThread "JDWP Event Helper Thread" daemon [_thread_blocked, id=15976, stack(0x000000001f600000,0x000000001f700000)]
  0x000000001eea1000 JavaThread "JDWP Transport Listener: dt_socket" daemon [_thread_blocked, id=17084, stack(0x000000001f500000,0x000000001f600000)]
  0x000000001ee94800 JavaThread "Attach Listener" daemon [_thread_blocked, id=3288, stack(0x000000001f310000,0x000000001f410000)]
  0x000000001ee47800 JavaThread "Signal Dispatcher" daemon [_thread_blocked, id=3996, stack(0x000000001f210000,0x000000001f310000)]
  0x000000000347a800 JavaThread "Finalizer" daemon [_thread_blocked, id=3020, stack(0x000000001ecb0000,0x000000001edb0000)]
  0x0000000003473000 JavaThread "Reference Handler" daemon [_thread_blocked, id=6880, stack(0x000000001ebb0000,0x000000001ecb0000)]
=>0x000000000162e800 JavaThread "main" [_thread_in_Java, id=4696, stack(0x0000000002e90000,0x0000000002f90000)]

Other Threads:
  0x000000001cde9000 VMThread [stack: 0x000000001eab0000,0x000000001ebb0000] [id=3476]
  0x000000001ef83000 WatcherThread [stack: 0x000000001fd00000,0x000000001fe00000] [id=13652]

VM state:not at safepoint (normal execution)

VM Mutex/Monitor currently owned by a thread: None

Heap:
 PSYoungGen      total 75776K, used 19533K [0x000000076ba00000, 0x0000000770e80000, 0x00000007c0000000)
  eden space 65024K, 30% used [0x000000076ba00000,0x000000076cd13710,0x000000076f980000)
  from space 10752K, 0% used [0x0000000770400000,0x0000000770400000,0x0000000770e80000)
  to   space 10752K, 0% used [0x000000076f980000,0x000000076f980000,0x0000000770400000)
 ParOldGen       total 173568K, used 0K [0x00000006c2e00000, 0x00000006cd780000, 0x000000076ba00000)
  object space 173568K, 0% used [0x00000006c2e00000,0x00000006c2e00000,0x00000006cd780000)
 Metaspace       used 8938K, capacity 9084K, committed 9344K, reserved 1056768K
  class space    used 1091K, capacity 1108K, committed 1152K, reserved 1048576K

Card table byte_map: [0x0000000012840000,0x0000000013030000] byte_map_base: 0x000000000f229000

Marking Bits: (ParMarkBitMap*) 0x0000000052b20600
 Begin Bits: [0x0000000013d80000, 0x0000000017cc8000)
 End Bits:   [0x0000000017cc8000, 0x000000001bc10000)

Polling page: 0x0000000001370000

CodeCache: size=245760Kb used=2556Kb max_used=2556Kb free=243203Kb
 bounds [0x0000000003480000, 0x0000000003710000, 0x0000000012480000]
 total_blobs=868 nmethods=556 adapters=232
 compilation: disabled (not enough contiguous free space left)

Compilation events (10 events):
Event: 6.789 Thread 0x000000001ef18800  553       1       javax.management.MBeanFeatureInfo::getName (5 bytes)
Event: 6.789 Thread 0x000000001ef18800 nmethod 553 0x00000000036fe990 code [0x00000000036feae0, 0x00000000036febf0]
Event: 6.792 Thread 0x000000001ef18800  554       1       java.util.logging.Level::intValue (5 bytes)
Event: 6.793 Thread 0x000000001ef18800 nmethod 554 0x00000000036ff450 code [0x00000000036ff5a0, 0x00000000036ff6b0]
Event: 6.793 Thread 0x000000001ef18800  555       3       javax.management.StandardMBean::equal (23 bytes)
Event: 6.793 Thread 0x000000001ef18800 nmethod 555 0x00000000036ff710 code [0x00000000036ff880, 0x00000000036ffb68]
Event: 6.794 Thread 0x000000001ef18800  556       3       java.util.LinkedHashMap$LinkedHashIterator::hasNext (13 bytes)
Event: 6.794 Thread 0x000000001ef18800 nmethod 556 0x00000000036ffc10 code [0x00000000036ffd60, 0x00000000036fff10]
Event: 6.794 Thread 0x000000001ef18800  557       3       java.util.Arrays::binarySearch0 (95 bytes)
Event: 6.795 Thread 0x000000001ef18800 


GC Heap History (0 events):
No events

Deoptimization events (10 events):
Event: 4.730 Thread 0x000000000162e800 Uncommon trap: reason=range_check action=none pc=0x00000000036a72e4 method=sun.reflect.generics.parser.SignatureParser.current()C @ 34
Event: 6.610 Thread 0x000000000162e800 Uncommon trap: reason=unstable_if action=reinterpret pc=0x00000000035e3b98 method=java.lang.String.indexOf([CII[CIII)I @ 3
Event: 6.680 Thread 0x000000000162e800 Uncommon trap: reason=range_check action=none pc=0x00000000036a72e4 method=sun.reflect.generics.parser.SignatureParser.current()C @ 34
Event: 6.681 Thread 0x000000000162e800 Uncommon trap: reason=range_check action=none pc=0x00000000036a72e4 method=sun.reflect.generics.parser.SignatureParser.current()C @ 34
Event: 6.688 Thread 0x000000000162e800 Uncommon trap: reason=range_check action=none pc=0x00000000036a72e4 method=sun.reflect.generics.parser.SignatureParser.current()C @ 34
Event: 6.688 Thread 0x000000000162e800 Uncommon trap: reason=range_check action=none pc=0x00000000036a72e4 method=sun.reflect.generics.parser.SignatureParser.current()C @ 34
Event: 6.691 Thread 0x000000000162e800 Uncommon trap: reason=unstable_if action=reinterpret pc=0x00000000036a6a84 method=java.lang.reflect.Method.equals(Ljava/lang/Object;)Z @ 49
Event: 6.697 Thread 0x000000000162e800 Uncommon trap: reason=range_check action=none pc=0x00000000036a72e4 method=sun.reflect.generics.parser.SignatureParser.current()C @ 34
Event: 6.794 Thread 0x000000000162e800 Uncommon trap: reason=range_check action=none pc=0x00000000036a72e4 method=sun.reflect.generics.parser.SignatureParser.current()C @ 34
Event: 6.801 Thread 0x000000000162e800 Uncommon trap: reason=range_check action=none pc=0x00000000036a72e4 method=sun.reflect.generics.parser.SignatureParser.current()C @ 34

Internal exceptions (10 events):
Event: 4.730 Thread 0x000000000162e800 Exception <a 'java/lang/ClassNotFoundException': ch/qos/logback/core/rolling/SizeAndTimeBasedFNATPCustomizer> (0x000000076c95c400) thrown at [D:\re\puppet\workspace\8-2-build-windows-amd64-cygwin\jdk8u73\6086\hotspot\src\share\vm\classfile\systemDictionary¼l˜"‰ë@
Event: 4.730 Thread 0x000000000162e800 Exception <a 'java/lang/ArrayIndexOutOfBoundsException': 99> (0x000000076c95f8b0) thrown at [D:\re\puppet\workspace\8-2-build-windows-amd64-cygwin\jdk8u73\6086\hotspot\src\share\vm\interpreter\interpreterRuntime.cpp, line 366]
Event: 4.730 Thread 0x000000000162e800 Exception <a 'java/lang/ArrayIndexOutOfBoundsException': 20> (0x000000076c961708) thrown at [D:\re\puppet\workspace\8-2-build-windows-amd64-cygwin\jdk8u73\6086\hotspot\src\share\vm\interpreter\interpreterRuntime.cpp, line 366]
Event: 6.680 Thread 0x000000000162e800 Exception <a 'java/lang/ArrayIndexOutOfBoundsException': 71> (0x000000076cb61f48) thrown at [D:\re\puppet\workspace\8-2-build-windows-amd64-cygwin\jdk8u73\6086\hotspot\src\share\vm\interpreter\interpreterRuntime.cpp, line 366]
Event: 6.681 Thread 0x000000000162e800 Exception <a 'java/lang/ArrayIndexOutOfBoundsException': 71> (0x000000076cb63780) thrown at [D:\re\puppet\workspace\8-2-build-windows-amd64-cygwin\jdk8u73\6086\hotspot\src\share\vm\interpreter\interpreterRuntime.cpp, line 366]
Event: 6.688 Thread 0x000000000162e800 Exception <a 'java/lang/ArrayIndexOutOfBoundsException': 55> (0x000000076cb8a410) thrown at [D:\re\puppet\workspace\8-2-build-windows-amd64-cygwin\jdk8u73\6086\hotspot\src\share\vm\interpreter\interpreterRuntime.cpp, line 366]
Event: 6.688 Thread 0x000000000162e800 Exception <a 'java/lang/ArrayIndexOutOfBoundsException': 38> (0x000000076cb8b7d8) thrown at [D:\re\puppet\workspace\8-2-build-windows-amd64-cygwin\jdk8u73\6086\hotspot\src\share\vm\interpreter\interpreterRuntime.cpp, line 366]
Event: 6.697 Thread 0x000000000162e800 Exception <a 'java/lang/ArrayIndexOutOfBoundsException': 38> (0x000000076cbb1898) thrown at [D:\re\puppet\workspace\8-2-build-windows-amd64-cygwin\jdk8u73\6086\hotspot\src\share\vm\interpreter\interpreterRuntime.cpp, line 366]
Event: 6.794 Thread 0x000000000162e800 Exception <a 'java/lang/ArrayIndexOutOfBoundsException': 49> (0x000000076cbc0ca0) thrown at [D:\re\puppet\workspace\8-2-build-windows-amd64-cygwin\jdk8u73\6086\hotspot\src\share\vm\interpreter\interpreterRuntime.cpp, line 366]
Event: 6.801 Thread 0x000000000162e800 Exception <a 'java/lang/ArrayIndexOutOfBoundsException': 74> (0x000000076cbef408) thrown at [D:\re\puppet\workspace\8-2-build-windows-amd64-cygwin\jdk8u73\6086\hotspot\src\share\vm\interpreter\interpreterRuntime.cpp, line 366]

Events (10 events):
Event: 6.801 loading class org/apache/commons/pool2/impl/DefaultPooledObjectInfo done
Event: 6.801 Thread 0x000000000162e800 DEOPT PACKING pc=0x00000000036258c9 sp=0x0000000002f8cb10
Event: 6.801 Thread 0x000000000162e800 DEOPT UNPACKING pc=0x00000000034c787f sp=0x0000000002f8c860 mode 1
Event: 6.801 Thread 0x000000000162e800 DEOPT PACKING pc=0x00000000036104c4 sp=0x0000000002f8cb90
Event: 6.801 Thread 0x000000000162e800 DEOPT UNPACKING pc=0x00000000034c787f sp=0x0000000002f8c9b0 mode 1
Event: 6.801 Thread 0x000000000162e800 DEOPT PACKING pc=0x000000000361025c sp=0x0000000002f8cd20
Event: 6.801 Thread 0x000000000162e800 DEOPT UNPACKING pc=0x00000000034c787f sp=0x0000000002f8cb40 mode 1
Event: 6.801 loading class org/apache/commons/pool2/impl/DefaultPooledObjectInfoMBean
Event: 6.801 loading class org/apache/commons/pool2/impl/DefaultPooledObjectInfoMBean done
Event: 6.801 Thread 0x000000000162e800 DEOPT PACKING pc=0x00000000036258c9 sp=0x0000000002f8a530


Dynamic libraries:
0x00007ff65c8c0000 - 0x00007ff65c8f7000 	C:\Program Files\Java\jdk1.8.0_73\bin\javaw.exe
0x00007ff8e89e0000 - 0x00007ff8e8ba1000 	C:\Windows\SYSTEM32\ntdll.dll
0x00007ff8e5de0000 - 0x00007ff8e5e8d000 	C:\Windows\system32\KERNEL32.DLL
0x00007ff8e5310000 - 0x00007ff8e54f8000 	C:\Windows\system32\KERNELBASE.dll
0x00007ff8e60d0000 - 0x00007ff8e6177000 	C:\Windows\system32\ADVAPI32.dll
0x00007ff8e69c0000 - 0x00007ff8e6a5d000 	C:\Windows\system32\msvcrt.dll
0x00007ff8e6960000 - 0x00007ff8e69bb000 	C:\Windows\system32\sechost.dll
0x00007ff8e5fb0000 - 0x00007ff8e60cc000 	C:\Windows\system32\RPCRT4.dll
0x00007ff8e6a60000 - 0x00007ff8e6bb6000 	C:\Windows\system32\USER32.dll
0x00007ff8e67d0000 - 0x00007ff8e6956000 	C:\Windows\system32\GDI32.dll
0x00007ff8e1140000 - 0x00007ff8e13b4000 	C:\Windows\WinSxS\amd64_microsoft.windows.common-controls_6595b64144ccf1df_6.0.10586.494_none_a2d8b04ea53e3145\COMCTL32.dll
0x00007ff8e63e0000 - 0x00007ff8e665d000 	C:\Windows\system32\combase.dll
0x00007ff8e5590000 - 0x00007ff8e55fa000 	C:\Windows\system32\bcryptPrimitives.dll
0x00007ff8e63a0000 - 0x00007ff8e63db000 	C:\Windows\system32\IMM32.DLL
0x0000000052ba0000 - 0x0000000052c72000 	C:\Program Files\Java\jdk1.8.0_73\jre\bin\msvcr100.dll
0x0000000052310000 - 0x0000000052ba0000 	C:\Program Files\Java\jdk1.8.0_73\jre\bin\server\jvm.dll
0x00007ff8e5e90000 - 0x00007ff8e5e98000 	C:\Windows\system32\PSAPI.DLL
0x00007ff8db850000 - 0x00007ff8db859000 	C:\Windows\SYSTEM32\WSOCK32.dll
0x00007ff8e6c30000 - 0x00007ff8e6c9b000 	C:\Windows\system32\WS2_32.dll
0x00007ff8e3460000 - 0x00007ff8e3483000 	C:\Windows\SYSTEM32\WINMM.dll
0x00007ff8e3d30000 - 0x00007ff8e3d3a000 	C:\Windows\SYSTEM32\VERSION.dll
0x00007ff8e3400000 - 0x00007ff8e342c000 	C:\Windows\SYSTEM32\WINMMBASE.dll
0x00007ff8e52c0000 - 0x00007ff8e5303000 	C:\Windows\system32\cfgmgr32.dll
0x0000000052300000 - 0x000000005230f000 	C:\Program Files\Java\jdk1.8.0_73\jre\bin\verify.dll
0x00000000522d0000 - 0x00000000522f9000 	C:\Program Files\Java\jdk1.8.0_73\jre\bin\java.dll
0x0000000052290000 - 0x00000000522c5000 	C:\Program Files\Java\jdk1.8.0_73\jre\bin\jdwp.dll
0x0000000052280000 - 0x0000000052288000 	C:\Program Files\Java\jdk1.8.0_73\jre\bin\npt.dll
0x0000000052260000 - 0x0000000052276000 	C:\Program Files\Java\jdk1.8.0_73\jre\bin\zip.dll
0x00007ff8e6e20000 - 0x00007ff8e837c000 	C:\Windows\system32\SHELL32.dll
0x00007ff8e56e0000 - 0x00007ff8e5d25000 	C:\Windows\system32\windows.storage.dll
0x00007ff8e8980000 - 0x00007ff8e89d2000 	C:\Windows\system32\shlwapi.dll
0x00007ff8e5080000 - 0x00007ff8e508f000 	C:\Windows\system32\kernel.appcore.dll
0x00007ff8e5620000 - 0x00007ff8e56d5000 	C:\Windows\system32\shcore.dll
0x00007ff8e5030000 - 0x00007ff8e507b000 	C:\Windows\system32\powrprof.dll
0x00007ff8e5010000 - 0x00007ff8e5024000 	C:\Windows\system32\profapi.dll
0x0000000052250000 - 0x0000000052259000 	C:\Program Files\Java\jdk1.8.0_73\jre\bin\dt_socket.dll
0x00007ff8d8e80000 - 0x00007ff8d8ea6000 	C:\Program Files (x86)\Sangfor\SSL\ClientComponent\SangforNspX64.dll
0x00007ff8e6250000 - 0x00007ff8e6393000 	C:\Windows\system32\ole32.dll
0x00007ff8e6180000 - 0x00007ff8e6241000 	C:\Windows\system32\OLEAUT32.dll
0x00007ff8d2ea0000 - 0x00007ff8d2eb6000 	C:\Windows\system32\napinsp.dll
0x00007ff8d3180000 - 0x00007ff8d319a000 	C:\Windows\system32\pnrpnsp.dll
0x00007ff8e2c30000 - 0x00007ff8e2c48000 	C:\Windows\system32\NLAapi.dll
0x00007ff8e4930000 - 0x00007ff8e498c000 	C:\Windows\System32\mswsock.dll
0x00007ff8e38b0000 - 0x00007ff8e395a000 	C:\Windows\SYSTEM32\DNSAPI.dll
0x00007ff8e67c0000 - 0x00007ff8e67c8000 	C:\Windows\system32\NSI.dll
0x00007ff8d33f0000 - 0x00007ff8d33fd000 	C:\Windows\System32\winrnr.dll
0x00007ff8d2df0000 - 0x00007ff8d2e05000 	C:\Windows\System32\wshbth.dll
0x00007ff8e3d40000 - 0x00007ff8e3eba000 	C:\Program Files (x86)\Sangfor\SSL\ClientComponent\SangforTcpX64.dll
0x00007ff8e5090000 - 0x00007ff8e50e5000 	C:\Windows\system32\WINTRUST.dll
0x00007ff8e5000000 - 0x00007ff8e5010000 	C:\Windows\system32\MSASN1.dll
0x00007ff8e50f0000 - 0x00007ff8e52b8000 	C:\Windows\system32\CRYPT32.dll
0x00007ff8dc880000 - 0x00007ff8dc8e7000 	C:\Windows\System32\fwpuclnt.dll
0x00007ff8e4f30000 - 0x00007ff8e4f59000 	C:\Windows\SYSTEM32\bcrypt.dll
0x00007ff8da910000 - 0x00007ff8da91a000 	C:\Windows\System32\rasadhlp.dll
0x0000000052230000 - 0x000000005224a000 	C:\Program Files\Java\jdk1.8.0_73\jre\bin\net.dll
0x00007ff8de730000 - 0x00007ff8de768000 	C:\Windows\SYSTEM32\IPHLPAPI.DLL
0x0000000052220000 - 0x000000005222d000 	C:\Program Files\Java\jdk1.8.0_73\jre\bin\management.dll
0x0000000052200000 - 0x0000000052211000 	C:\Program Files\Java\jdk1.8.0_73\jre\bin\nio.dll

VM Arguments:
jvm_args: -agentlib:jdwp=transport=dt_socket,suspend=y,address=localhost:57137 -Dfile.encoding=UTF-8 
java_command: com.chulung.forwarder.p2p.client.ClientProxy
java_class_path (initial): D:\workspace\forwarder\forwarder-p2p\target\classes;D:\workspace\forwarder\forwarder-base\target\classes;D:\.m2\repository\org\apache\commons\commons-pool2\2.2\commons-pool2-2.2.jar;D:\.m2\repository\org\slf4j\jcl-over-slf4j\1.7.12\jcl-over-slf4j-1.7.12.jar;D:\.m2\repository\org\slf4j\slf4j-api\1.7.12\slf4j-api-1.7.12.jar;D:\.m2\repository\ch\qos\logback\logback-classic\1.1.2\logback-classic-1.1.2.jar;D:\.m2\repository\ch\qos\logback\logback-core\1.1.2\logback-core-1.1.2.jar;D:\.m2\repository\io\netty\netty-all\4.1.2.Final\netty-all-4.1.2.Final.jar;D:\.m2\repository\com\esotericsoftware\kryo\kryo\2.24.0\kryo-2.24.0.jar;D:\.m2\repository\com\esotericsoftware\minlog\minlog\1.2\minlog-1.2.jar;D:\.m2\repository\org\objenesis\objenesis\2.1\objenesis-2.1.jar;D:\.m2\repository\de\javakaffee\kryo-serializers\0.26\kryo-serializers-0.26.jar
Launcher Type: SUN_STANDARD

Environment Variables:
JAVA_HOME=C:\Program Files\Java\jdk1.8.0_73
PATH=C:\Program Files\Java\jdk1.8.0_73\jre\bin;C:/Program Files/Java/jre1.8.0_77/bin/server;C:/Program Files/Java/jre1.8.0_77/bin;C:/Program Files/Java/jre1.8.0_77/lib/amd64;C:\ProgramData\Oracle\Java\javapath;C:\Windows\system32;C:\Windows;C:\Windows\System32\Wbem;C:\Windows\System32\WindowsPowerShell\v1.0\;D:\software\nginx-1.8.1;D:\software\Vim\vim74;D:\software\MinGW\bin;D:\software\apache-maven-3.3.9\bin;C:\Users\ChuKai\Desktop;
USERNAME=ChuKai
OS=Windows_NT
PROCESSOR_IDENTIFIER=Intel64 Family 6 Model 94 Stepping 3, GenuineIntel



---------------  S Y S T E M  ---------------

OS: Windows 10.0 , 64 bit Build 10586 (10.0.10586.0)

CPU:total 8 (4 cores per cpu, 2 threads per core) family 6 model 94 stepping 3, cmov, cx8, fxsr, mmx, sse, sse2, sse3, ssse3, sse4.1, sse4.2, popcnt, avx, avx2, aes, clmul, erms, rtm, 3dnowpref, lzcnt, ht, tsc, tscinvbit, bmi1, bmi2, adx

Memory: 4k page, physical 16587764k(10144736k free), swap 32153408k(1960k free)

vm_info: Java HotSpot(TM) 64-Bit Server VM (25.73-b02) for windows-amd64 JRE (1.8.0_73-b02), built on Jan 29 2016 17:38:49 by "java_re" with MS VC++ 10.0 (VS2010)

time: Fri Jul 15 03:16:32 2016
elapsed time: 6 seconds (0d 0h 0m 6s)

