#
# There is insufficient memory for the Java Runtime Environment to continue.
# Native memory allocation (malloc) failed to allocate 265856 bytes for Chunk::new
# Possible reasons:
#   The system is out of physical RAM or swap space
#   In 32 bit mode, the process size limit was hit
# Possible solutions:
#   Reduce memory load on the system
#   Increase physical memory or swap space
#   Check if swap backing store is full
#   Use 64 bit Java on a 64 bit OS
#   Decrease Java heap size (-Xmx/-Xms)
#   Decrease number of Java threads
#   Decrease Java thread stack sizes (-Xss)
#   Set larger code cache with -XX:ReservedCodeCacheSize=
# This output file may be truncated or incomplete.
#
#  Out of Memory Error (allocation.cpp:390), pid=10944, tid=5064
#
# JRE version: Java(TM) SE Runtime Environment (8.0_73-b02) (build 1.8.0_73-b02)
# Java VM: Java HotSpot(TM) 64-Bit Server VM (25.73-b02 mixed mode windows-amd64 compressed oops)
# Failed to write core dump. Minidumps are not enabled by default on client versions of Windows
#

---------------  T H R E A D  ---------------

Current thread (0x000000001ef26000):  JavaThread "C2 CompilerThread1" daemon [_thread_in_native, id=5064, stack(0x000000001f8d0000,0x000000001f9d0000)]

Stack: [0x000000001f8d0000,0x000000001f9d0000]
[error occurred during error reporting (printing stack bounds), id 0xc0000005]

Native frames: (J=compiled Java code, j=interpreted, Vv=VM code, C=native code)


Current CompileTask:
C2:   6533  388   !   4       sun.misc.URLClassPath$JarLoader::getResource (85 bytes)


---------------  P R O C E S S  ---------------

Java Threads: ( => current thread )
  0x000000001ef33800 JavaThread "Service Thread" daemon [_thread_blocked, id=9144, stack(0x000000001fbd0000,0x000000001fcd0000)]
  0x000000001ef28800 JavaThread "C1 CompilerThread3" daemon [_thread_blocked, id=9540, stack(0x000000001fad0000,0x000000001fbd0000)]
  0x000000001ef28000 JavaThread "C2 CompilerThread2" daemon [_thread_in_native, id=7140, stack(0x000000001f9d0000,0x000000001fad0000)]
=>0x000000001ef26000 JavaThread "C2 CompilerThread1" daemon [_thread_in_native, id=5064, stack(0x000000001f8d0000,0x000000001f9d0000)]
  0x000000001eece000 JavaThread "C2 CompilerThread0" daemon [_thread_blocked, id=1364, stack(0x000000001f7d0000,0x000000001f8d0000)]
  0x000000001eebd800 JavaThread "JDWP Command Reader" daemon [_thread_in_native, id=13264, stack(0x000000001f6d0000,0x000000001f7d0000)]
  0x000000001eeba000 JavaThread "JDWP Event Helper Thread" daemon [_thread_blocked, id=13252, stack(0x000000001f5d0000,0x000000001f6d0000)]
  0x000000001eeb6000 JavaThread "JDWP Transport Listener: dt_socket" daemon [_thread_blocked, id=13244, stack(0x000000001f450000,0x000000001f550000)]
  0x000000001eea4800 JavaThread "Attach Listener" daemon [_thread_blocked, id=11580, stack(0x000000001f320000,0x000000001f420000)]
  0x000000001ee57800 JavaThread "Signal Dispatcher" daemon [_thread_blocked, id=11576, stack(0x000000001f220000,0x000000001f320000)]
  0x00000000034bb000 JavaThread "Finalizer" daemon [_thread_blocked, id=11332, stack(0x000000001ed10000,0x000000001ee10000)]
  0x00000000034b3000 JavaThread "Reference Handler" daemon [_thread_blocked, id=11328, stack(0x000000001ec10000,0x000000001ed10000)]
  0x000000000137e800 JavaThread "main" [_thread_in_vm, id=10964, stack(0x00000000031c0000,0x00000000032c0000)]

Other Threads:
  0x000000001ce29000 VMThread [stack: 0x000000001eb10000,0x000000001ec10000] [id=11276]
  0x000000001efeb000 WatcherThread [stack: 0x000000001fcd0000,0x000000001fdd0000] [id=17212]

VM state:not at safepoint (normal execution)

VM Mutex/Monitor currently owned by a thread: None

Heap:
 PSYoungGen      total 75776K, used 15613K [0x000000076ba00000, 0x0000000770e80000, 0x00000007c0000000)
  eden space 65024K, 24% used [0x000000076ba00000,0x000000076c93f460,0x000000076f980000)
  from space 10752K, 0% used [0x0000000770400000,0x0000000770400000,0x0000000770e80000)
  to   space 10752K, 0% used [0x000000076f980000,0x000000076f980000,0x0000000770400000)
 ParOldGen       total 173568K, used 0K [0x00000006c2e00000, 0x00000006cd780000, 0x000000076ba00000)
  object space 173568K, 0% used [0x00000006c2e00000,0x00000006c2e00000,0x00000006cd780000)
 Metaspace       used 6753K, capacity 6908K, committed 7040K, reserved 1056768K
  class space    used 815K, capacity 852K, committed 896K, reserved 1048576K

Card table byte_map: [0x0000000012880000,0x0000000013070000] byte_map_base: 0x000000000f269000

Marking Bits: (ParMarkBitMap*) 0x0000000052b20600
 Begin Bits: [0x0000000013dc0000, 0x0000000017d08000)
 End Bits:   [0x0000000017d08000, 0x000000001bc50000)

Polling page: 0x0000000001360000

CodeCache: size=245760Kb used=2157Kb max_used=2166Kb free=243602Kb
 bounds [0x00000000034c0000, 0x0000000003730000, 0x00000000124c0000]
 total_blobs=680 nmethods=400 adapters=201
 compilation: enabled

Compilation events (10 events):
Event: 6.530 Thread 0x000000001ef28800  390       3       sun.reflect.ReflectionFactory::copyMethod (10 bytes)
Event: 6.530 Thread 0x000000001ef28800 nmethod 390 0x00000000036d8c10 code [0x00000000036d8da0, 0x00000000036d9188]
Event: 6.530 Thread 0x000000001ef28800  398       3       java.util.HashMap$ValueIterator::next (8 bytes)
Event: 6.530 Thread 0x000000001ef28800 nmethod 398 0x00000000036cd1d0 code [0x00000000036cd340, 0x00000000036cd568]
Event: 6.530 Thread 0x000000001ef28800  391       3       java.lang.Class::getEnclosingClass (60 bytes)
Event: 6.530 Thread 0x000000001eece000 nmethod 394 0x00000000036dc0d0 code [0x00000000036dc220, 0x00000000036dc388]
Event: 6.530 Thread 0x000000001eece000  397   !   4       sun.reflect.generics.parser.SignatureParser::current (40 bytes)
Event: 6.531 Thread 0x000000001ef28800 nmethod 391 0x00000000036daf90 code [0x00000000036db1c0, 0x00000000036dbbe8]
Event: 6.531 Thread 0x000000001ef28800  400       3       sun.reflect.generics.reflectiveObjects.ParameterizedTypeImpl::validateConstructorArguments (44 bytes)
Event: 6.531 Thread 0x000000001eece000 nmethod 397 0x00000000036c1390 code [0x00000000036c14e0, 0x00000000036c15d8]

GC Heap History (0 events):
No events

Deoptimization events (1 events):
Event: 6.460 Thread 0x000000000137e800 Uncommon trap: reason=unstable_if action=reinterpret pc=0x0000000003695ea8 method=sun.misc.MetaIndex.mayContain(Ljava/lang/String;)Z @ 38

Internal exceptions (10 events):
Event: 6.316 Thread 0x000000000137e800 Exception <a 'java/lang/ArrayIndexOutOfBoundsException'> (0x000000076c612260) thrown at [D:\re\puppet\workspace\8-2-build-windows-amd64-cygwin\jdk8u73\6086\hotspot\src\share\vm\runtime\sharedRuntime.cpp, line 605]
Event: 6.524 Thread 0x000000000137e800 Exception <a 'java/lang/ClassNotFoundException': ch/qos/logback/core/rolling/RollingFileAppenderBeanInfo> (0x000000076c7260e0) thrown at [D:\re\puppet\workspace\8-2-build-windows-amd64-cygwin\jdk8u73\6086\hotspot\src\share\vm\classfile\systemDictionary.cppиозѕ@
Event: 6.525 Thread 0x000000000137e800 Exception <a 'java/lang/ClassNotFoundException': ch/qos/logback/core/FileAppenderBeanInfo> (0x000000076c72c6f0) thrown at [D:\re\puppet\workspace\8-2-build-windows-amd64-cygwin\jdk8u73\6086\hotspot\src\share\vm\classfile\systemDictionary.cpp, line 210]
Event: 6.526 Thread 0x000000000137e800 Exception <a 'java/lang/ClassNotFoundException': ch/qos/logback/core/FileAppenderCustomizer> (0x000000076c732d28) thrown at [D:\re\puppet\workspace\8-2-build-windows-amd64-cygwin\jdk8u73\6086\hotspot\src\share\vm\classfile\systemDictionary.cpp, line 210]
Event: 6.526 Thread 0x000000000137e800 Exception <a 'java/lang/ArrayIndexOutOfBoundsException'> (0x000000076c736878) thrown at [D:\re\puppet\workspace\8-2-build-windows-amd64-cygwin\jdk8u73\6086\hotspot\src\share\vm\runtime\sharedRuntime.cpp, line 605]
Event: 6.528 Thread 0x000000000137e800 Exception <a 'java/lang/ClassNotFoundException': ch/qos/logback/core/rolling/RollingFileAppenderCustomizer> (0x000000076c749cb8) thrown at [D:\re\puppet\workspace\8-2-build-windows-amd64-cygwin\jdk8u73\6086\hotspot\src\share\vm\classfile\systemDictionary.cв
Event: 6.529 Thread 0x000000000137e800 Exception <a 'java/lang/ArrayIndexOutOfBoundsException'> (0x000000076c7555e0) thrown at [D:\re\puppet\workspace\8-2-build-windows-amd64-cygwin\jdk8u73\6086\hotspot\src\share\vm\runtime\sharedRuntime.cpp, line 605]
Event: 6.529 Thread 0x000000000137e800 Exception <a 'java/lang/ArrayIndexOutOfBoundsException'> (0x000000076c7586d0) thrown at [D:\re\puppet\workspace\8-2-build-windows-amd64-cygwin\jdk8u73\6086\hotspot\src\share\vm\runtime\sharedRuntime.cpp, line 605]
Event: 6.529 Thread 0x000000000137e800 Exception <a 'java/lang/ArrayIndexOutOfBoundsException'> (0x000000076c7599d0) thrown at [D:\re\puppet\workspace\8-2-build-windows-amd64-cygwin\jdk8u73\6086\hotspot\src\share\vm\runtime\sharedRuntime.cpp, line 605]
Event: 6.530 Thread 0x000000000137e800 Exception <a 'java/lang/ArrayIndexOutOfBoundsException'> (0x000000076c75b6c8) thrown at [D:\re\puppet\workspace\8-2-build-windows-amd64-cygwin\jdk8u73\6086\hotspot\src\share\vm\runtime\sharedRuntime.cpp, line 605]

Events (10 events):
Event: 6.528 Thread 0x000000000137e800 DEOPT PACKING pc=0x000000000365249c sp=0x00000000032bcd20
Event: 6.528 Thread 0x000000000137e800 DEOPT UNPACKING pc=0x000000000350787f sp=0x00000000032bcb40 mode 1
Event: 6.529 Thread 0x000000000137e800 DEOPT PACKING pc=0x00000000035eb1e8 sp=0x00000000032bd6f0
Event: 6.529 Thread 0x000000000137e800 DEOPT UNPACKING pc=0x000000000350787f sp=0x00000000032bd418 mode 1
Event: 6.529 Thread 0x000000000137e800 DEOPT PACKING pc=0x00000000035eb1e8 sp=0x00000000032bd690
Event: 6.529 Thread 0x000000000137e800 DEOPT UNPACKING pc=0x000000000350787f sp=0x00000000032bd3b8 mode 1
Event: 6.529 Thread 0x000000000137e800 DEOPT PACKING pc=0x00000000035eb1e8 sp=0x00000000032bd320
Event: 6.529 Thread 0x000000000137e800 DEOPT UNPACKING pc=0x000000000350787f sp=0x00000000032bd048 mode 1
Event: 6.530 Thread 0x000000000137e800 DEOPT PACKING pc=0x00000000035eb1e8 sp=0x00000000032bd690
Event: 6.530 Thread 0x000000000137e800 DEOPT UNPACKING pc=0x000000000350787f sp=0x00000000032bd3b8 mode 1


Dynamic libraries:
0x00007ff65c8c0000 - 0x00007ff65c8f7000 	C:\Program Files\Java\jdk1.8.0_73\bin\javaw.exe
0x00007ff8e89e0000 - 0x00007ff8e8ba1000 	C:\Windows\SYSTEM32\ntdll.dll
0x00007ff8e5de0000 - 0x00007ff8e5e8d000 	C:\Windows\system32\KERNEL32.DLL
0x00007ff8e5310000 - 0x00007ff8e54f8000 	C:\Windows\system32\KERNELBASE.dll
0x00007ff8e60d0000 - 0x00007ff8e6177000 	C:\Windows\system32\ADVAPI32.dll
0x00007ff8e69c0000 - 0x00007ff8e6a5d000 	C:\Windows\system32\msvcrt.dll
0x00007ff8e6960000 - 0x00007ff8e69bb000 	C:\Windows\system32\sechost.dll
0x00007ff8e5fb0000 - 0x00007ff8e60cc000 	C:\Windows\system32\RPCRT4.dll
0x00007ff8e6a60000 - 0x00007ff8e6bb6000 	C:\Windows\system32\USER32.dll
0x00007ff8e67d0000 - 0x00007ff8e6956000 	C:\Windows\system32\GDI32.dll
0x00007ff8e1140000 - 0x00007ff8e13b4000 	C:\Windows\WinSxS\amd64_microsoft.windows.common-controls_6595b64144ccf1df_6.0.10586.494_none_a2d8b04ea53e3145\COMCTL32.dll
0x00007ff8e63e0000 - 0x00007ff8e665d000 	C:\Windows\system32\combase.dll
0x00007ff8e5590000 - 0x00007ff8e55fa000 	C:\Windows\system32\bcryptPrimitives.dll
0x00007ff8e63a0000 - 0x00007ff8e63db000 	C:\Windows\system32\IMM32.DLL
0x0000000052ba0000 - 0x0000000052c72000 	C:\Program Files\Java\jdk1.8.0_73\jre\bin\msvcr100.dll
0x0000000052310000 - 0x0000000052ba0000 	C:\Program Files\Java\jdk1.8.0_73\jre\bin\server\jvm.dll
0x00007ff8e5e90000 - 0x00007ff8e5e98000 	C:\Windows\system32\PSAPI.DLL
0x00007ff8db850000 - 0x00007ff8db859000 	C:\Windows\SYSTEM32\WSOCK32.dll
0x00007ff8e6c30000 - 0x00007ff8e6c9b000 	C:\Windows\system32\WS2_32.dll
0x00007ff8e3460000 - 0x00007ff8e3483000 	C:\Windows\SYSTEM32\WINMM.dll
0x00007ff8e3d30000 - 0x00007ff8e3d3a000 	C:\Windows\SYSTEM32\VERSION.dll
0x00007ff8e3400000 - 0x00007ff8e342c000 	C:\Windows\SYSTEM32\WINMMBASE.dll
0x00007ff8e52c0000 - 0x00007ff8e5303000 	C:\Windows\system32\cfgmgr32.dll
0x0000000052300000 - 0x000000005230f000 	C:\Program Files\Java\jdk1.8.0_73\jre\bin\verify.dll
0x00000000522d0000 - 0x00000000522f9000 	C:\Program Files\Java\jdk1.8.0_73\jre\bin\java.dll
0x0000000052290000 - 0x00000000522c5000 	C:\Program Files\Java\jdk1.8.0_73\jre\bin\jdwp.dll
0x0000000052280000 - 0x0000000052288000 	C:\Program Files\Java\jdk1.8.0_73\jre\bin\npt.dll
0x0000000052260000 - 0x0000000052276000 	C:\Program Files\Java\jdk1.8.0_73\jre\bin\zip.dll
0x00007ff8e6e20000 - 0x00007ff8e837c000 	C:\Windows\system32\SHELL32.dll
0x00007ff8e56e0000 - 0x00007ff8e5d25000 	C:\Windows\system32\windows.storage.dll
0x00007ff8e8980000 - 0x00007ff8e89d2000 	C:\Windows\system32\shlwapi.dll
0x00007ff8e5080000 - 0x00007ff8e508f000 	C:\Windows\system32\kernel.appcore.dll
0x00007ff8e5620000 - 0x00007ff8e56d5000 	C:\Windows\system32\shcore.dll
0x00007ff8e5030000 - 0x00007ff8e507b000 	C:\Windows\system32\powrprof.dll
0x00007ff8e5010000 - 0x00007ff8e5024000 	C:\Windows\system32\profapi.dll
0x0000000052250000 - 0x0000000052259000 	C:\Program Files\Java\jdk1.8.0_73\jre\bin\dt_socket.dll
0x00007ff8d8e80000 - 0x00007ff8d8ea6000 	C:\Program Files (x86)\Sangfor\SSL\ClientComponent\SangforNspX64.dll
0x00007ff8e6250000 - 0x00007ff8e6393000 	C:\Windows\system32\ole32.dll
0x00007ff8e6180000 - 0x00007ff8e6241000 	C:\Windows\system32\OLEAUT32.dll
0x00007ff8d2ea0000 - 0x00007ff8d2eb6000 	C:\Windows\system32\napinsp.dll
0x00007ff8d3180000 - 0x00007ff8d319a000 	C:\Windows\system32\pnrpnsp.dll
0x00007ff8e2c30000 - 0x00007ff8e2c48000 	C:\Windows\system32\NLAapi.dll
0x00007ff8e4930000 - 0x00007ff8e498c000 	C:\Windows\System32\mswsock.dll
0x00007ff8e38b0000 - 0x00007ff8e395a000 	C:\Windows\SYSTEM32\DNSAPI.dll
0x00007ff8e67c0000 - 0x00007ff8e67c8000 	C:\Windows\system32\NSI.dll
0x00007ff8d33f0000 - 0x00007ff8d33fd000 	C:\Windows\System32\winrnr.dll
0x00007ff8d2df0000 - 0x00007ff8d2e05000 	C:\Windows\System32\wshbth.dll
0x00007ff8e3d40000 - 0x00007ff8e3eba000 	C:\Program Files (x86)\Sangfor\SSL\ClientComponent\SangforTcpX64.dll
0x00007ff8e5090000 - 0x00007ff8e50e5000 	C:\Windows\system32\WINTRUST.dll
0x00007ff8e5000000 - 0x00007ff8e5010000 	C:\Windows\system32\MSASN1.dll
0x00007ff8e50f0000 - 0x00007ff8e52b8000 	C:\Windows\system32\CRYPT32.dll
0x00007ff8dc880000 - 0x00007ff8dc8e7000 	C:\Windows\System32\fwpuclnt.dll
0x00007ff8e4f30000 - 0x00007ff8e4f59000 	C:\Windows\SYSTEM32\bcrypt.dll
0x00007ff8da910000 - 0x00007ff8da91a000 	C:\Windows\System32\rasadhlp.dll
0x0000000052230000 - 0x000000005224a000 	C:\Program Files\Java\jdk1.8.0_73\jre\bin\net.dll
0x00007ff8de730000 - 0x00007ff8de768000 	C:\Windows\SYSTEM32\IPHLPAPI.DLL

VM Arguments:
jvm_args: -agentlib:jdwp=transport=dt_socket,suspend=y,address=localhost:56988 -Dfile.encoding=UTF-8 
java_command: com.chulung.forwarder.p2p.client.ClientProxy
java_class_path (initial): D:\workspace\forwarder\forwarder-p2p\target\classes;D:\workspace\forwarder\forwarder-base\target\classes;D:\.m2\repository\org\apache\commons\commons-pool2\2.2\commons-pool2-2.2.jar;D:\.m2\repository\org\slf4j\jcl-over-slf4j\1.7.12\jcl-over-slf4j-1.7.12.jar;D:\.m2\repository\org\slf4j\slf4j-api\1.7.12\slf4j-api-1.7.12.jar;D:\.m2\repository\ch\qos\logback\logback-classic\1.1.2\logback-classic-1.1.2.jar;D:\.m2\repository\ch\qos\logback\logback-core\1.1.2\logback-core-1.1.2.jar;D:\.m2\repository\io\netty\netty-all\4.1.2.Final\netty-all-4.1.2.Final.jar;D:\.m2\repository\com\esotericsoftware\kryo\kryo\2.24.0\kryo-2.24.0.jar;D:\.m2\repository\com\esotericsoftware\minlog\minlog\1.2\minlog-1.2.jar;D:\.m2\repository\org\objenesis\objenesis\2.1\objenesis-2.1.jar;D:\.m2\repository\de\javakaffee\kryo-serializers\0.26\kryo-serializers-0.26.jar
Launcher Type: SUN_STANDARD

Environment Variables:
JAVA_HOME=C:\Program Files\Java\jdk1.8.0_73
PATH=C:\Program Files\Java\jdk1.8.0_73\jre\bin;C:/Program Files/Java/jre1.8.0_77/bin/server;C:/Program Files/Java/jre1.8.0_77/bin;C:/Program Files/Java/jre1.8.0_77/lib/amd64;C:\ProgramData\Oracle\Java\javapath;C:\Windows\system32;C:\Windows;C:\Windows\System32\Wbem;C:\Windows\System32\WindowsPowerShell\v1.0\;D:\software\nginx-1.8.1;D:\software\Vim\vim74;D:\software\MinGW\bin;D:\software\apache-maven-3.3.9\bin;C:\Users\ChuKai\Desktop;
USERNAME=ChuKai
OS=Windows_NT
PROCESSOR_IDENTIFIER=Intel64 Family 6 Model 94 Stepping 3, GenuineIntel



---------------  S Y S T E M  ---------------

OS: Windows 10.0 , 64 bit Build 10586 (10.0.10586.0)

CPU:total 8 (4 cores per cpu, 2 threads per core) family 6 model 94 stepping 3, cmov, cx8, fxsr, mmx, sse, sse2, sse3, ssse3, sse4.1, sse4.2, popcnt, avx, avx2, aes, clmul, erms, rtm, 3dnowpref, lzcnt, ht, tsc, tscinvbit, bmi1, bmi2, adx

Memory: 4k page, physical 16587764k(10837252k free), swap 32153408k(3800k free)

vm_info: Java HotSpot(TM) 64-Bit Server VM (25.73-b02) for windows-amd64 JRE (1.8.0_73-b02), built on Jan 29 2016 17:38:49 by "java_re" with MS VC++ 10.0 (VS2010)

time: Fri Jul 15 03:16:28 2016
elapsed time: 6 seconds (0d 0h 0m 6s)

