#
# There is insufficient memory for the Java Runtime Environment to continue.
# Native memory allocation (malloc) failed to allocate 32744 bytes for ChunkPool::allocate
# Possible reasons:
#   The system is out of physical RAM or swap space
#   In 32 bit mode, the process size limit was hit
# Possible solutions:
#   Reduce memory load on the system
#   Increase physical memory or swap space
#   Check if swap backing store is full
#   Use 64 bit Java on a 64 bit OS
#   Decrease Java heap size (-Xmx/-Xms)
#   Decrease number of Java threads
#   Decrease Java thread stack sizes (-Xss)
#   Set larger code cache with -XX:ReservedCodeCacheSize=
# This output file may be truncated or incomplete.
#
#  Out of Memory Error (allocation.cpp:273), pid=13084, tid=9132
#
# JRE version: Java(TM) SE Runtime Environment (8.0_73-b02) (build 1.8.0_73-b02)
# Java VM: Java HotSpot(TM) 64-Bit Server VM (25.73-b02 mixed mode windows-amd64 compressed oops)
# Failed to write core dump. Minidumps are not enabled by default on client versions of Windows
#

---------------  T H R E A D  ---------------

Current thread (0x000000001e726000):  JavaThread "C2 CompilerThread1" daemon [_thread_in_native, id=9132, stack(0x000000001f090000,0x000000001f190000)]

Stack: [0x000000001f090000,0x000000001f190000]
[error occurred during error reporting (printing stack bounds), id 0xc0000005]

Native frames: (J=compiled Java code, j=interpreted, Vv=VM code, C=native code)


Current CompileTask:
C2:   6122   80       4       java.lang.String::indexOf (70 bytes)


---------------  P R O C E S S  ---------------

Java Threads: ( => current thread )
  0x000000001e734000 JavaThread "Service Thread" daemon [_thread_blocked, id=2212, stack(0x000000001f390000,0x000000001f490000)]
  0x000000001e729800 JavaThread "C1 CompilerThread3" daemon [_thread_blocked, id=9108, stack(0x000000001f290000,0x000000001f390000)]
  0x000000001e728800 JavaThread "C2 CompilerThread2" daemon [_thread_blocked, id=9120, stack(0x000000001f190000,0x000000001f290000)]
=>0x000000001e726000 JavaThread "C2 CompilerThread1" daemon [_thread_in_native, id=9132, stack(0x000000001f090000,0x000000001f190000)]
  0x000000001e6cb800 JavaThread "C2 CompilerThread0" daemon [_thread_blocked, id=4312, stack(0x000000001ef90000,0x000000001f090000)]
  0x000000001e6c7000 JavaThread "JDWP Command Reader" daemon [_thread_in_native, id=15864, stack(0x000000001ee90000,0x000000001ef90000)]
  0x000000001e6ba800 JavaThread "JDWP Event Helper Thread" daemon [_thread_blocked, id=15548, stack(0x000000001ed40000,0x000000001ee40000)]
  0x000000001e6ab000 JavaThread "JDWP Transport Listener: dt_socket" daemon [_thread_blocked, id=15544, stack(0x000000001ec20000,0x000000001ed20000)]
  0x000000001e6a4800 JavaThread "Attach Listener" daemon [_thread_blocked, id=14492, stack(0x000000001eb20000,0x000000001ec20000)]
  0x000000001e658000 JavaThread "Signal Dispatcher" daemon [_thread_blocked, id=14488, stack(0x000000001ea20000,0x000000001eb20000)]
  0x0000000002cca800 JavaThread "Finalizer" daemon [_thread_blocked, id=13892, stack(0x000000001e520000,0x000000001e620000)]
  0x0000000002cc3000 JavaThread "Reference Handler" daemon [_thread_blocked, id=13888, stack(0x000000001e420000,0x000000001e520000)]
  0x00000000029ce800 JavaThread "main" [_thread_in_vm, id=13296, stack(0x0000000002ad0000,0x0000000002bd0000)]

Other Threads:
  0x000000001c639000 VMThread [stack: 0x000000001e320000,0x000000001e420000] [id=13644]
  0x000000001e7be800 WatcherThread [stack: 0x000000001f490000,0x000000001f590000] [id=17192]

VM state:not at safepoint (normal execution)

VM Mutex/Monitor currently owned by a thread: None

Heap:
 PSYoungGen      total 75776K, used 6503K [0x000000076ba00000, 0x0000000770e80000, 0x00000007c0000000)
  eden space 65024K, 10% used [0x000000076ba00000,0x000000076c059cb8,0x000000076f980000)
  from space 10752K, 0% used [0x0000000770400000,0x0000000770400000,0x0000000770e80000)
  to   space 10752K, 0% used [0x000000076f980000,0x000000076f980000,0x0000000770400000)
 ParOldGen       total 173568K, used 0K [0x00000006c2e00000, 0x00000006cd780000, 0x000000076ba00000)
  object space 173568K, 0% used [0x00000006c2e00000,0x00000006c2e00000,0x00000006cd780000)
 Metaspace       used 3220K, capacity 4664K, committed 4864K, reserved 1056768K
  class space    used 360K, capacity 424K, committed 512K, reserved 1048576K

Card table byte_map: [0x0000000012090000,0x0000000012880000] byte_map_base: 0x000000000ea79000

Marking Bits: (ParMarkBitMap*) 0x0000000052b20600
 Begin Bits: [0x00000000135d0000, 0x0000000017518000)
 End Bits:   [0x0000000017518000, 0x000000001b460000)

Polling page: 0x0000000000940000

CodeCache: size=245760Kb used=1229Kb max_used=1229Kb free=244530Kb
 bounds [0x0000000002cd0000, 0x0000000002f40000, 0x0000000011cd0000]
 total_blobs=314 nmethods=84 adapters=151
 compilation: enabled

Compilation events (10 events):
Event: 6.119 Thread 0x000000001e729800 nmethod 81 0x0000000002e009d0 code [0x0000000002e00b20, 0x0000000002e00cf0]
Event: 6.119 Thread 0x000000001e729800   78       1       java.net.URL::getPort (5 bytes)
Event: 6.119 Thread 0x000000001e729800 nmethod 78 0x0000000002e00d90 code [0x0000000002e00ee0, 0x0000000002e00ff0]
Event: 6.119 Thread 0x000000001e729800   82       1       java.lang.ThreadLocal::access$400 (5 bytes)
Event: 6.119 Thread 0x000000001e729800 nmethod 82 0x0000000002e01050 code [0x0000000002e011a0, 0x0000000002e01290]
Event: 6.119 Thread 0x000000001e729800   83       3       java.io.WinNTFileSystem::isLetter (30 bytes)
Event: 6.120 Thread 0x000000001e729800 nmethod 83 0x0000000002e01310 code [0x0000000002e01480, 0x0000000002e016f0]
Event: 6.120 Thread 0x000000001e729800   84       1       java.nio.Buffer::position (5 bytes)
Event: 6.120 Thread 0x000000001e729800 nmethod 84 0x0000000002e01750 code [0x0000000002e018a0, 0x0000000002e019b0]
Event: 6.121 Thread 0x000000001e729800   85   !   3       sun.misc.URLClassPath$JarLoader::getResource (85 bytes)

GC Heap History (0 events):
No events

Deoptimization events (0 events):
No events

Internal exceptions (9 events):
Event: 0.129 Thread 0x00000000029ce800 Exception <a 'java/lang/NoSuchMethodError': Method sun.misc.Unsafe.defineClass(Ljava/lang/String;[BII)Ljava/lang/Class; name or signature does not match> (0x000000076ba12f78) thrown at [D:\re\puppet\workspace\8-2-build-windows-amd64-cygwin\jdk8u73\6086\hot•∑{0Å¿?
Event: 0.129 Thread 0x00000000029ce800 Exception <a 'java/lang/NoSuchMethodError': Method sun.misc.Unsafe.prefetchRead(Ljava/lang/Object;J)V name or signature does not match> (0x000000076ba13260) thrown at [D:\re\puppet\workspace\8-2-build-windows-amd64-cygwin\jdk8u73\6086\hotspot\src\share\vm\Ãp^@
Event: 6.092 Thread 0x00000000029ce800 Exception <a 'java/lang/ArrayIndexOutOfBoundsException': 18> (0x000000076bb3fdc8) thrown at [D:\re\puppet\workspace\8-2-build-windows-amd64-cygwin\jdk8u73\6086\hotspot\src\share\vm\interpreter\interpreterRuntime.cpp, line 366]
Event: 6.093 Thread 0x00000000029ce800 Exception <a 'java/lang/ArrayIndexOutOfBoundsException': 69> (0x000000076bb40c20) thrown at [D:\re\puppet\workspace\8-2-build-windows-amd64-cygwin\jdk8u73\6086\hotspot\src\share\vm\interpreter\interpreterRuntime.cpp, line 366]
Event: 6.095 Thread 0x00000000029ce800 Exception <a 'java/lang/ArrayIndexOutOfBoundsException': 66> (0x000000076bb41db0) thrown at [D:\re\puppet\workspace\8-2-build-windows-amd64-cygwin\jdk8u73\6086\hotspot\src\share\vm\interpreter\interpreterRuntime.cpp, line 366]
Event: 6.119 Thread 0x00000000029ce800 Exception <a 'java/security/PrivilegedActionException'> (0x000000076bf446f0) thrown at [D:\re\puppet\workspace\8-2-build-windows-amd64-cygwin\jdk8u73\6086\hotspot\src\share\vm\prims\jvm.cpp, line 1386]
Event: 6.119 Thread 0x00000000029ce800 Exception <a 'java/security/PrivilegedActionException'> (0x000000076bf44900) thrown at [D:\re\puppet\workspace\8-2-build-windows-amd64-cygwin\jdk8u73\6086\hotspot\src\share\vm\prims\jvm.cpp, line 1386]
Event: 6.120 Thread 0x00000000029ce800 Exception <a 'java/security/PrivilegedActionException'> (0x000000076bf48930) thrown at [D:\re\puppet\workspace\8-2-build-windows-amd64-cygwin\jdk8u73\6086\hotspot\src\share\vm\prims\jvm.cpp, line 1386]
Event: 6.120 Thread 0x00000000029ce800 Exception <a 'java/security/PrivilegedActionException'> (0x000000076bf48b40) thrown at [D:\re\puppet\workspace\8-2-build-windows-amd64-cygwin\jdk8u73\6086\hotspot\src\share\vm\prims\jvm.cpp, line 1386]

Events (10 events):
Event: 6.116 loading class java/io/FileNotFoundException
Event: 6.116 loading class java/io/FileNotFoundException done
Event: 6.118 Executing VM operation: Deoptimize
Event: 6.118 Executing VM operation: Deoptimize done
Event: 6.119 loading class java/security/PrivilegedActionException
Event: 6.119 loading class java/security/PrivilegedActionException done
Event: 6.119 Thread 0x00000000029ce800 DEOPT PACKING pc=0x0000000002df9b34 sp=0x0000000002bcec00
Event: 6.119 Thread 0x00000000029ce800 DEOPT UNPACKING pc=0x0000000002d1787f sp=0x0000000002bce9b8 mode 1
Event: 6.121 loading class java/net/URLClassLoader$3$1
Event: 6.121 loading class java/net/URLClassLoader$3$1 done


Dynamic libraries:
0x00007ff65c8c0000 - 0x00007ff65c8f7000 	C:\Program Files\Java\jdk1.8.0_73\bin\javaw.exe
0x00007ff8e89e0000 - 0x00007ff8e8ba1000 	C:\Windows\SYSTEM32\ntdll.dll
0x00007ff8e5de0000 - 0x00007ff8e5e8d000 	C:\Windows\system32\KERNEL32.DLL
0x00007ff8e5310000 - 0x00007ff8e54f8000 	C:\Windows\system32\KERNELBASE.dll
0x00007ff8e60d0000 - 0x00007ff8e6177000 	C:\Windows\system32\ADVAPI32.dll
0x00007ff8e69c0000 - 0x00007ff8e6a5d000 	C:\Windows\system32\msvcrt.dll
0x00007ff8e6960000 - 0x00007ff8e69bb000 	C:\Windows\system32\sechost.dll
0x00007ff8e5fb0000 - 0x00007ff8e60cc000 	C:\Windows\system32\RPCRT4.dll
0x00007ff8e6a60000 - 0x00007ff8e6bb6000 	C:\Windows\system32\USER32.dll
0x00007ff8e67d0000 - 0x00007ff8e6956000 	C:\Windows\system32\GDI32.dll
0x00007ff8e1140000 - 0x00007ff8e13b4000 	C:\Windows\WinSxS\amd64_microsoft.windows.common-controls_6595b64144ccf1df_6.0.10586.494_none_a2d8b04ea53e3145\COMCTL32.dll
0x00007ff8e63e0000 - 0x00007ff8e665d000 	C:\Windows\system32\combase.dll
0x00007ff8e5590000 - 0x00007ff8e55fa000 	C:\Windows\system32\bcryptPrimitives.dll
0x00007ff8e63a0000 - 0x00007ff8e63db000 	C:\Windows\system32\IMM32.DLL
0x0000000052ba0000 - 0x0000000052c72000 	C:\Program Files\Java\jdk1.8.0_73\jre\bin\msvcr100.dll
0x0000000052310000 - 0x0000000052ba0000 	C:\Program Files\Java\jdk1.8.0_73\jre\bin\server\jvm.dll
0x00007ff8e5e90000 - 0x00007ff8e5e98000 	C:\Windows\system32\PSAPI.DLL
0x00007ff8db850000 - 0x00007ff8db859000 	C:\Windows\SYSTEM32\WSOCK32.dll
0x00007ff8e3460000 - 0x00007ff8e3483000 	C:\Windows\SYSTEM32\WINMM.dll
0x00007ff8e3d30000 - 0x00007ff8e3d3a000 	C:\Windows\SYSTEM32\VERSION.dll
0x00007ff8e6c30000 - 0x00007ff8e6c9b000 	C:\Windows\system32\WS2_32.dll
0x0000000000d50000 - 0x0000000000d7c000 	C:\Windows\SYSTEM32\WINMMBASE.dll
0x00007ff8e52c0000 - 0x00007ff8e5303000 	C:\Windows\system32\cfgmgr32.dll
0x0000000052300000 - 0x000000005230f000 	C:\Program Files\Java\jdk1.8.0_73\jre\bin\verify.dll
0x00000000522d0000 - 0x00000000522f9000 	C:\Program Files\Java\jdk1.8.0_73\jre\bin\java.dll
0x0000000052290000 - 0x00000000522c5000 	C:\Program Files\Java\jdk1.8.0_73\jre\bin\jdwp.dll
0x0000000052280000 - 0x0000000052288000 	C:\Program Files\Java\jdk1.8.0_73\jre\bin\npt.dll
0x0000000052260000 - 0x0000000052276000 	C:\Program Files\Java\jdk1.8.0_73\jre\bin\zip.dll
0x00007ff8e6e20000 - 0x00007ff8e837c000 	C:\Windows\system32\SHELL32.dll
0x00007ff8e56e0000 - 0x00007ff8e5d25000 	C:\Windows\system32\windows.storage.dll
0x00007ff8e8980000 - 0x00007ff8e89d2000 	C:\Windows\system32\shlwapi.dll
0x00007ff8e5080000 - 0x00007ff8e508f000 	C:\Windows\system32\kernel.appcore.dll
0x00007ff8e5620000 - 0x00007ff8e56d5000 	C:\Windows\system32\shcore.dll
0x00007ff8e5030000 - 0x00007ff8e507b000 	C:\Windows\system32\powrprof.dll
0x00007ff8e5010000 - 0x00007ff8e5024000 	C:\Windows\system32\profapi.dll
0x0000000052250000 - 0x0000000052259000 	C:\Program Files\Java\jdk1.8.0_73\jre\bin\dt_socket.dll
0x00007ff8d8e80000 - 0x00007ff8d8ea6000 	C:\Program Files (x86)\Sangfor\SSL\ClientComponent\SangforNspX64.dll
0x00007ff8e6250000 - 0x00007ff8e6393000 	C:\Windows\system32\ole32.dll
0x00007ff8e6180000 - 0x00007ff8e6241000 	C:\Windows\system32\OLEAUT32.dll
0x00007ff8d2ea0000 - 0x00007ff8d2eb6000 	C:\Windows\system32\napinsp.dll
0x00007ff8d3180000 - 0x00007ff8d319a000 	C:\Windows\system32\pnrpnsp.dll
0x00007ff8e2c30000 - 0x00007ff8e2c48000 	C:\Windows\system32\NLAapi.dll
0x00007ff8e4930000 - 0x00007ff8e498c000 	C:\Windows\System32\mswsock.dll
0x00007ff8e38b0000 - 0x00007ff8e395a000 	C:\Windows\SYSTEM32\DNSAPI.dll
0x00007ff8e67c0000 - 0x00007ff8e67c8000 	C:\Windows\system32\NSI.dll
0x00007ff8d33f0000 - 0x00007ff8d33fd000 	C:\Windows\System32\winrnr.dll
0x00007ff8d2df0000 - 0x00007ff8d2e05000 	C:\Windows\System32\wshbth.dll
0x00007ff8e3d40000 - 0x00007ff8e3eba000 	C:\Program Files (x86)\Sangfor\SSL\ClientComponent\SangforTcpX64.dll
0x00007ff8e5090000 - 0x00007ff8e50e5000 	C:\Windows\system32\WINTRUST.dll
0x00007ff8e5000000 - 0x00007ff8e5010000 	C:\Windows\system32\MSASN1.dll
0x00007ff8e50f0000 - 0x00007ff8e52b8000 	C:\Windows\system32\CRYPT32.dll
0x00007ff8dc880000 - 0x00007ff8dc8e7000 	C:\Windows\System32\fwpuclnt.dll
0x00007ff8e4f30000 - 0x00007ff8e4f59000 	C:\Windows\SYSTEM32\bcrypt.dll

VM Arguments:
jvm_args: -agentlib:jdwp=transport=dt_socket,suspend=y,address=localhost:57009 -Dfile.encoding=UTF-8 
java_command: com.chulung.forwarder.p2p.client.ClientProxy
java_class_path (initial): D:\workspace\forwarder\forwarder-p2p\target\classes;D:\workspace\forwarder\forwarder-base\target\classes;D:\.m2\repository\org\apache\commons\commons-pool2\2.2\commons-pool2-2.2.jar;D:\.m2\repository\org\slf4j\jcl-over-slf4j\1.7.12\jcl-over-slf4j-1.7.12.jar;D:\.m2\repository\org\slf4j\slf4j-api\1.7.12\slf4j-api-1.7.12.jar;D:\.m2\repository\ch\qos\logback\logback-classic\1.1.2\logback-classic-1.1.2.jar;D:\.m2\repository\ch\qos\logback\logback-core\1.1.2\logback-core-1.1.2.jar;D:\.m2\repository\io\netty\netty-all\4.1.2.Final\netty-all-4.1.2.Final.jar;D:\.m2\repository\com\esotericsoftware\kryo\kryo\2.24.0\kryo-2.24.0.jar;D:\.m2\repository\com\esotericsoftware\minlog\minlog\1.2\minlog-1.2.jar;D:\.m2\repository\org\objenesis\objenesis\2.1\objenesis-2.1.jar;D:\.m2\repository\de\javakaffee\kryo-serializers\0.26\kryo-serializers-0.26.jar
Launcher Type: SUN_STANDARD

Environment Variables:
JAVA_HOME=C:\Program Files\Java\jdk1.8.0_73
PATH=C:\Program Files\Java\jdk1.8.0_73\jre\bin;C:/Program Files/Java/jre1.8.0_77/bin/server;C:/Program Files/Java/jre1.8.0_77/bin;C:/Program Files/Java/jre1.8.0_77/lib/amd64;C:\ProgramData\Oracle\Java\javapath;C:\Windows\system32;C:\Windows;C:\Windows\System32\Wbem;C:\Windows\System32\WindowsPowerShell\v1.0\;D:\software\nginx-1.8.1;D:\software\Vim\vim74;D:\software\MinGW\bin;D:\software\apache-maven-3.3.9\bin;C:\Users\ChuKai\Desktop;
USERNAME=ChuKai
OS=Windows_NT
PROCESSOR_IDENTIFIER=Intel64 Family 6 Model 94 Stepping 3, GenuineIntel



---------------  S Y S T E M  ---------------

OS: Windows 10.0 , 64 bit Build 10586 (10.0.10586.0)

CPU:total 8 (4 cores per cpu, 2 threads per core) family 6 model 94 stepping 3, cmov, cx8, fxsr, mmx, sse, sse2, sse3, ssse3, sse4.1, sse4.2, popcnt, avx, avx2, aes, clmul, erms, rtm, 3dnowpref, lzcnt, ht, tsc, tscinvbit, bmi1, bmi2, adx

Memory: 4k page, physical 16587764k(10831360k free), swap 32153408k(1800k free)

vm_info: Java HotSpot(TM) 64-Bit Server VM (25.73-b02) for windows-amd64 JRE (1.8.0_73-b02), built on Jan 29 2016 17:38:49 by "java_re" with MS VC++ 10.0 (VS2010)

time: Fri Jul 15 03:16:28 2016
elapsed time: 6 seconds (0d 0h 0m 6s)

